[2024-10-29T15:44:34.511+0000] {local_task_job_runner.py:123} INFO - ::group::Pre task execution logs
[2024-10-29T15:44:34.516+0000] {taskinstance.py:2612} INFO - Dependencies all met for dep_context=non-requeueable deps ti=<TaskInstance: car_price_prediction.pipeline manual__2024-10-29T15:44:33.272715+00:00 [queued]>
[2024-10-29T15:44:34.520+0000] {taskinstance.py:2612} INFO - Dependencies all met for dep_context=requeueable deps ti=<TaskInstance: car_price_prediction.pipeline manual__2024-10-29T15:44:33.272715+00:00 [queued]>
[2024-10-29T15:44:34.520+0000] {taskinstance.py:2865} INFO - Starting attempt 1 of 2
[2024-10-29T15:44:34.524+0000] {taskinstance.py:2888} INFO - Executing <Task(PythonOperator): pipeline> on 2024-10-29 15:44:33.272715+00:00
[2024-10-29T15:44:34.527+0000] {warnings.py:112} WARNING - /home/***/.local/lib/python3.12/site-packages/***/task/task_runner/standard_task_runner.py:70: DeprecationWarning: This process (pid=256) is multi-threaded, use of fork() may lead to deadlocks in the child.
  pid = os.fork()

[2024-10-29T15:44:34.528+0000] {standard_task_runner.py:72} INFO - Started process 271 to run task
[2024-10-29T15:44:34.529+0000] {standard_task_runner.py:104} INFO - Running: ['***', 'tasks', 'run', 'car_price_prediction', 'pipeline', 'manual__2024-10-29T15:44:33.272715+00:00', '--job-id', '25', '--raw', '--subdir', 'DAGS_FOLDER/hw_dag.py', '--cfg-path', '/tmp/tmp69xbv8d6']
[2024-10-29T15:44:34.529+0000] {standard_task_runner.py:105} INFO - Job 25: Subtask pipeline
[2024-10-29T15:44:34.545+0000] {task_command.py:467} INFO - Running <TaskInstance: car_price_prediction.pipeline manual__2024-10-29T15:44:33.272715+00:00 [running]> on host 3330f436c9e3
[2024-10-29T15:44:34.571+0000] {taskinstance.py:3131} INFO - Exporting env vars: AIRFLOW_CTX_DAG_OWNER='***' AIRFLOW_CTX_DAG_ID='car_price_prediction' AIRFLOW_CTX_TASK_ID='pipeline' AIRFLOW_CTX_EXECUTION_DATE='2024-10-29T15:44:33.272715+00:00' AIRFLOW_CTX_TRY_NUMBER='1' AIRFLOW_CTX_DAG_RUN_ID='manual__2024-10-29T15:44:33.272715+00:00'
[2024-10-29T15:44:34.572+0000] {logging_mixin.py:190} INFO - Task instance is in running state
[2024-10-29T15:44:34.572+0000] {logging_mixin.py:190} INFO -  Previous state of the Task instance: queued
[2024-10-29T15:44:34.572+0000] {logging_mixin.py:190} INFO - Current task name:pipeline state:running start_date:2024-10-29 15:44:34.517145+00:00
[2024-10-29T15:44:34.572+0000] {logging_mixin.py:190} INFO - Dag name:car_price_prediction and current dag run status:running
[2024-10-29T15:44:34.573+0000] {taskinstance.py:731} INFO - ::endgroup::
[2024-10-29T15:44:35.101+0000] {pipeline.py:116} INFO - model: LogisticRegression, acc_mean: 0.7591, acc_std: 0.0075
[2024-10-29T15:44:45.651+0000] {pipeline.py:116} INFO - model: RandomForestClassifier, acc_mean: 0.7778, acc_std: 0.0039
[2024-10-29T15:44:51.526+0000] {pipeline.py:116} INFO - model: SVC, acc_mean: 0.7871, acc_std: 0.0042
[2024-10-29T15:44:51.526+0000] {pipeline.py:121} INFO - best model: SVC, accuracy: 0.7871
[2024-10-29T15:44:53.431+0000] {pipeline.py:129} INFO - Model is saved as /opt/***/data/models/cars_pipe_202410291544.pkl
[2024-10-29T15:44:53.433+0000] {python.py:240} INFO - Done. Returned value was: None
[2024-10-29T15:44:53.436+0000] {taskinstance.py:340} INFO - ::group::Post task execution logs
[2024-10-29T15:44:53.437+0000] {taskinstance.py:352} INFO - Marking task as SUCCESS. dag_id=car_price_prediction, task_id=pipeline, run_id=manual__2024-10-29T15:44:33.272715+00:00, execution_date=20241029T154433, start_date=20241029T154434, end_date=20241029T154453
[2024-10-29T15:44:53.440+0000] {logging_mixin.py:190} INFO - Task instance in success state
[2024-10-29T15:44:53.440+0000] {logging_mixin.py:190} INFO -  Previous state of the Task instance: running
[2024-10-29T15:44:53.440+0000] {logging_mixin.py:190} INFO - Dag name:car_price_prediction queued_at:2024-10-29 15:44:33.284462+00:00
[2024-10-29T15:44:53.440+0000] {logging_mixin.py:190} INFO - Task hostname:3330f436c9e3 operator:PythonOperator
[2024-10-29T15:44:53.470+0000] {local_task_job_runner.py:266} INFO - Task exited with return code 0
[2024-10-29T15:44:53.477+0000] {taskinstance.py:3900} INFO - 1 downstream tasks scheduled from follow-on schedule check
[2024-10-29T15:44:53.478+0000] {local_task_job_runner.py:245} INFO - ::endgroup::
