[2024-10-29T15:36:22.628+0000] {local_task_job_runner.py:123} INFO - ::group::Pre task execution logs
[2024-10-29T15:36:22.634+0000] {taskinstance.py:2612} INFO - Dependencies all met for dep_context=non-requeueable deps ti=<TaskInstance: car_price_prediction.pipeline scheduled__2024-10-28T15:00:00+00:00 [queued]>
[2024-10-29T15:36:22.636+0000] {taskinstance.py:2612} INFO - Dependencies all met for dep_context=requeueable deps ti=<TaskInstance: car_price_prediction.pipeline scheduled__2024-10-28T15:00:00+00:00 [queued]>
[2024-10-29T15:36:22.637+0000] {taskinstance.py:2865} INFO - Starting attempt 1 of 2
[2024-10-29T15:36:22.641+0000] {taskinstance.py:2888} INFO - Executing <Task(PythonOperator): pipeline> on 2024-10-28 15:00:00+00:00
[2024-10-29T15:36:22.644+0000] {warnings.py:112} WARNING - /home/***/.local/lib/python3.12/site-packages/***/task/task_runner/standard_task_runner.py:70: DeprecationWarning: This process (pid=76) is multi-threaded, use of fork() may lead to deadlocks in the child.
  pid = os.fork()

[2024-10-29T15:36:22.645+0000] {standard_task_runner.py:72} INFO - Started process 91 to run task
[2024-10-29T15:36:22.646+0000] {standard_task_runner.py:104} INFO - Running: ['***', 'tasks', 'run', 'car_price_prediction', 'pipeline', 'scheduled__2024-10-28T15:00:00+00:00', '--job-id', '21', '--raw', '--subdir', 'DAGS_FOLDER/hw_dag.py', '--cfg-path', '/tmp/tmp2yf9csr5']
[2024-10-29T15:36:22.647+0000] {standard_task_runner.py:105} INFO - Job 21: Subtask pipeline
[2024-10-29T15:36:22.667+0000] {task_command.py:467} INFO - Running <TaskInstance: car_price_prediction.pipeline scheduled__2024-10-28T15:00:00+00:00 [running]> on host 3330f436c9e3
[2024-10-29T15:36:22.694+0000] {taskinstance.py:3131} INFO - Exporting env vars: AIRFLOW_CTX_DAG_OWNER='***' AIRFLOW_CTX_DAG_ID='car_price_prediction' AIRFLOW_CTX_TASK_ID='pipeline' AIRFLOW_CTX_EXECUTION_DATE='2024-10-28T15:00:00+00:00' AIRFLOW_CTX_TRY_NUMBER='1' AIRFLOW_CTX_DAG_RUN_ID='scheduled__2024-10-28T15:00:00+00:00'
[2024-10-29T15:36:22.695+0000] {logging_mixin.py:190} INFO - Task instance is in running state
[2024-10-29T15:36:22.695+0000] {logging_mixin.py:190} INFO -  Previous state of the Task instance: queued
[2024-10-29T15:36:22.695+0000] {logging_mixin.py:190} INFO - Current task name:pipeline state:running start_date:2024-10-29 15:36:22.634424+00:00
[2024-10-29T15:36:22.695+0000] {logging_mixin.py:190} INFO - Dag name:car_price_prediction and current dag run status:running
[2024-10-29T15:36:22.696+0000] {taskinstance.py:731} INFO - ::endgroup::
[2024-10-29T15:36:23.275+0000] {pipeline.py:116} INFO - model: LogisticRegression, acc_mean: 0.7591, acc_std: 0.0075
[2024-10-29T15:36:33.989+0000] {pipeline.py:116} INFO - model: RandomForestClassifier, acc_mean: 0.7778, acc_std: 0.0039
[2024-10-29T15:36:40.031+0000] {pipeline.py:116} INFO - model: SVC, acc_mean: 0.7871, acc_std: 0.0042
[2024-10-29T15:36:40.032+0000] {pipeline.py:121} INFO - best model: SVC, accuracy: 0.7871
[2024-10-29T15:36:42.024+0000] {pipeline.py:129} INFO - Model is saved as /opt/***/data/models/cars_pipe_202410291536.pkl
[2024-10-29T15:36:42.025+0000] {python.py:240} INFO - Done. Returned value was: None
[2024-10-29T15:36:42.030+0000] {taskinstance.py:340} INFO - ::group::Post task execution logs
[2024-10-29T15:36:42.030+0000] {taskinstance.py:352} INFO - Marking task as SUCCESS. dag_id=car_price_prediction, task_id=pipeline, run_id=scheduled__2024-10-28T15:00:00+00:00, execution_date=20241028T150000, start_date=20241029T153622, end_date=20241029T153642
[2024-10-29T15:36:42.034+0000] {logging_mixin.py:190} INFO - Task instance in success state
[2024-10-29T15:36:42.034+0000] {logging_mixin.py:190} INFO -  Previous state of the Task instance: running
[2024-10-29T15:36:42.035+0000] {logging_mixin.py:190} INFO - Dag name:car_price_prediction queued_at:2024-10-29 15:36:21.055013+00:00
[2024-10-29T15:36:42.035+0000] {logging_mixin.py:190} INFO - Task hostname:3330f436c9e3 operator:PythonOperator
[2024-10-29T15:36:42.059+0000] {local_task_job_runner.py:266} INFO - Task exited with return code 0
[2024-10-29T15:36:42.067+0000] {taskinstance.py:3900} INFO - 1 downstream tasks scheduled from follow-on schedule check
[2024-10-29T15:36:42.067+0000] {local_task_job_runner.py:245} INFO - ::endgroup::
