[2024-10-29T15:36:42.892+0000] {local_task_job_runner.py:123} INFO - ::group::Pre task execution logs
[2024-10-29T15:36:42.898+0000] {taskinstance.py:2612} INFO - Dependencies all met for dep_context=non-requeueable deps ti=<TaskInstance: car_price_prediction.predict scheduled__2024-10-28T15:00:00+00:00 [queued]>
[2024-10-29T15:36:42.900+0000] {taskinstance.py:2612} INFO - Dependencies all met for dep_context=requeueable deps ti=<TaskInstance: car_price_prediction.predict scheduled__2024-10-28T15:00:00+00:00 [queued]>
[2024-10-29T15:36:42.900+0000] {taskinstance.py:2865} INFO - Starting attempt 1 of 2
[2024-10-29T15:36:42.904+0000] {taskinstance.py:2888} INFO - Executing <Task(PythonOperator): predict> on 2024-10-28 15:00:00+00:00
[2024-10-29T15:36:42.907+0000] {warnings.py:112} WARNING - /home/***/.local/lib/python3.12/site-packages/***/task/task_runner/standard_task_runner.py:70: DeprecationWarning: This process (pid=100) is multi-threaded, use of fork() may lead to deadlocks in the child.
  pid = os.fork()

[2024-10-29T15:36:42.908+0000] {standard_task_runner.py:72} INFO - Started process 115 to run task
[2024-10-29T15:36:42.909+0000] {standard_task_runner.py:104} INFO - Running: ['***', 'tasks', 'run', 'car_price_prediction', 'predict', 'scheduled__2024-10-28T15:00:00+00:00', '--job-id', '22', '--raw', '--subdir', 'DAGS_FOLDER/hw_dag.py', '--cfg-path', '/tmp/tmpchg14_n2']
[2024-10-29T15:36:42.909+0000] {standard_task_runner.py:105} INFO - Job 22: Subtask predict
[2024-10-29T15:36:42.924+0000] {task_command.py:467} INFO - Running <TaskInstance: car_price_prediction.predict scheduled__2024-10-28T15:00:00+00:00 [running]> on host 3330f436c9e3
[2024-10-29T15:36:42.948+0000] {taskinstance.py:3131} INFO - Exporting env vars: AIRFLOW_CTX_DAG_OWNER='***' AIRFLOW_CTX_DAG_ID='car_price_prediction' AIRFLOW_CTX_TASK_ID='predict' AIRFLOW_CTX_EXECUTION_DATE='2024-10-28T15:00:00+00:00' AIRFLOW_CTX_TRY_NUMBER='1' AIRFLOW_CTX_DAG_RUN_ID='scheduled__2024-10-28T15:00:00+00:00'
[2024-10-29T15:36:42.949+0000] {logging_mixin.py:190} INFO - Task instance is in running state
[2024-10-29T15:36:42.949+0000] {logging_mixin.py:190} INFO -  Previous state of the Task instance: queued
[2024-10-29T15:36:42.949+0000] {logging_mixin.py:190} INFO - Current task name:predict state:running start_date:2024-10-29 15:36:42.898358+00:00
[2024-10-29T15:36:42.949+0000] {logging_mixin.py:190} INFO - Dag name:car_price_prediction and current dag run status:running
[2024-10-29T15:36:42.949+0000] {taskinstance.py:731} INFO - ::endgroup::
[2024-10-29T15:36:42.964+0000] {logging_mixin.py:190} INFO - Предсказания для 7315173150.json успешно выполнены.
[2024-10-29T15:36:42.970+0000] {logging_mixin.py:190} INFO - Предсказания для 7310993818.json успешно выполнены.
[2024-10-29T15:36:42.975+0000] {logging_mixin.py:190} INFO - Предсказания для 7313922964.json успешно выполнены.
[2024-10-29T15:36:42.981+0000] {logging_mixin.py:190} INFO - Предсказания для 7316509996.json успешно выполнены.
[2024-10-29T15:36:42.986+0000] {logging_mixin.py:190} INFO - Предсказания для 7316152972.json успешно выполнены.
[2024-10-29T15:36:42.990+0000] {logging_mixin.py:190} INFO - Все предсказания успешно сохранены в data/predictions/predictions.csv
[2024-10-29T15:36:42.990+0000] {python.py:240} INFO - Done. Returned value was: None
[2024-10-29T15:36:42.993+0000] {taskinstance.py:340} INFO - ::group::Post task execution logs
[2024-10-29T15:36:42.993+0000] {taskinstance.py:352} INFO - Marking task as SUCCESS. dag_id=car_price_prediction, task_id=predict, run_id=scheduled__2024-10-28T15:00:00+00:00, execution_date=20241028T150000, start_date=20241029T153642, end_date=20241029T153642
[2024-10-29T15:36:42.996+0000] {logging_mixin.py:190} INFO - Task instance in success state
[2024-10-29T15:36:42.996+0000] {logging_mixin.py:190} INFO -  Previous state of the Task instance: running
[2024-10-29T15:36:42.996+0000] {logging_mixin.py:190} INFO - Dag name:car_price_prediction queued_at:2024-10-29 15:36:21.055013+00:00
[2024-10-29T15:36:42.996+0000] {logging_mixin.py:190} INFO - Task hostname:3330f436c9e3 operator:PythonOperator
[2024-10-29T15:36:43.010+0000] {local_task_job_runner.py:266} INFO - Task exited with return code 0
[2024-10-29T15:36:43.015+0000] {taskinstance.py:3900} INFO - 0 downstream tasks scheduled from follow-on schedule check
[2024-10-29T15:36:43.015+0000] {local_task_job_runner.py:245} INFO - ::endgroup::
